java(12094): Operation not permitted
java(12096): Operation not permitted
java(12098): Operation not permitted
java(13230): Operation not permitted
java(13232): Operation not permitted
java(13235): Operation not permitted
java: no process killed
./bin/mysqladmin: connect to server at 'localhost' failed
error: 'Can't connect to local MySQL server through socket '/tmp/mysql.sock' (2)'
Check that mysqld is running and that the socket: '/tmp/mysql.sock' exists!
java(10867): Operation not permitted
java: no process killed
java(10867): Operation not permitted
java: no process killed
java(10867): Operation not permitted
java: no process killed
[INFO] (roc.jagr.recomgr.RecoveryManager) Loading worker: class roc.jagr.recomgr.worker.ReportWorker
[INFO] (roc.jagr.recomgr.RecoveryManager) Loading policy: class roc.jagr.recomgr.policy.SimpleMicrorebootPolicy
[INFO] (roc.jagr.recomgr.worker.ReportWorker) listening on port 2999
/home/emrek/work/ROC/jagr/jagr-recomgr/bin/run-recomgr.sh: line 27: 32714 Killed                  java $JAVA_OPTS -Xss128M -Xmx512M -cp $CLASSPATH roc.jagr.recomgr.RecoveryManager $@
java(12094): Operation not permitted
java(12096): Operation not permitted
java(12098): Operation not permitted
java(13230): Operation not permitted
java(13232): Operation not permitted
java(13235): Operation not permitted
java(10867): Operation not permitted
java(10867): Operation not permitted
java(10867): Operation not permitted
java(12094): Operation not permitted
java(12096): Operation not permitted
java(12098): Operation not permitted
java(13230): Operation not permitted
java(13232): Operation not permitted
java(13235): Operation not permitted
java: no process killed
